    Updating git repository `https://github.com/astral-sh/reqwest-middleware`
    Updating crates.io index
    Updating git repository `https://github.com/astral-sh/pubgrub`
    Updating git repository `https://github.com/astral-sh/rs-async-zip`
    Updating git repository `https://github.com/astral-sh/tl.git`
     Locking 1 package to latest compatible version
      Adding sys-info v0.9.1 (/data/data/com.termux/files/home/storage/github/rustc/vendor/sys-info-rs)
 Downloading crates ...
  Downloaded arcstr v1.2.0
  Downloaded astral-tokio-tar v0.5.3
  Downloaded bisection v0.1.0
  Downloaded tracing-tree v0.4.0
  Downloaded cargo-util v0.2.22
  Downloaded http-content-range v0.2.3
  Downloaded bytecheck_derive v0.8.1
  Downloaded bytecheck v0.8.1
  Downloaded scroll_derive v0.13.0
  Downloaded etcetera v0.10.0
  Downloaded boxcar v0.2.14
  Downloaded async_http_range_reader v0.9.1
  Downloaded clap_complete_command v0.6.1
  Downloaded rust-netrc v0.1.2
  Downloaded charset v0.1.5
  Downloaded tikv-jemallocator v0.6.0
  Downloaded svg v0.18.0
  Downloaded scroll v0.13.0
  Downloaded retry-policies v0.4.0
  Downloaded criterion-plot v0.6.0
  Downloaded path-slash v0.2.1
  Downloaded reflink-copy v0.1.26
  Downloaded mailparse v0.16.1
  Downloaded quoted_printable v0.5.1
  Downloaded munge_macro v0.4.5
  Downloaded munge v0.4.5
  Downloaded unscanny v0.1.0
  Downloaded clap_complete_nushell v4.5.8
  Downloaded unit-prefix v0.5.1
  Downloaded os_str_bytes v6.6.1
  Downloaded priority-queue v2.5.0
  Downloaded toml_parser v1.0.1
  Downloaded configparser v3.1.0
  Downloaded toml v0.9.2
  Downloaded toml_edit v0.23.2
  Downloaded indicatif v0.18.0
  Downloaded async-compression v0.4.19
  Downloaded console v0.16.0
  Downloaded criterion v0.7.0
  Downloaded tracing-durations-export v0.3.1
  Downloaded goblin v0.10.1
  Downloaded tikv-jemalloc-sys v0.6.0+5.3.0-1-ge13ca993e8ccb9ba9847cc330696e02839f328f7
  Downloaded spdx v0.10.9
 Downloading crates ...
  Downloaded assert_fs v1.1.3
 Downloading crates ...
  Downloaded backon v1.5.2
 Downloading crates ...
  Downloaded self-replace v1.5.0
 Downloading crates ...
  Downloaded windows v0.59.0
 Downloading crates ...
  Downloaded wiremock v0.6.4
   Compiling proc-macro2 v1.0.101
   Compiling unicode-ident v1.0.18
   Compiling libc v0.2.175
   Compiling cfg-if v1.0.1
   Compiling memchr v2.7.5
   Compiling serde v1.0.219
   Compiling pin-project-lite v0.2.16
   Compiling once_cell v1.21.3
   Compiling shlex v1.3.0
   Compiling smallvec v1.15.1
   Compiling itoa v1.0.15
   Compiling bytes v1.10.1
   Compiling bitflags v2.9.3
   Compiling stable_deref_trait v1.2.0
   Compiling tracing-core v0.1.34
   Compiling ryu v1.0.20
   Compiling allocator-api2 v0.2.21
   Compiling equivalent v1.0.2
   Compiling serde_json v1.0.143
   Compiling autocfg v1.5.0
   Compiling foldhash v0.1.5
   Compiling quote v1.0.40
   Compiling jobserver v0.1.33
   Compiling hashbrown v0.15.5
   Compiling litemap v0.8.0
   Compiling writeable v0.6.1
   Compiling icu_normalizer_data v2.0.0
   Compiling icu_properties_data v2.0.1
   Compiling syn v2.0.106
   Compiling cc v1.2.30
   Compiling percent-encoding v2.3.2
   Compiling signal-hook-registry v1.4.5
   Compiling socket2 v0.6.0
   Compiling mio v1.0.4
   Compiling rustix v1.0.8
   Compiling errno v0.3.13
   Compiling linux-raw-sys v0.9.4
   Compiling form_urlencoded v1.2.1
   Compiling aho-corasick v1.1.3
   Compiling utf8_iter v1.0.4
   Compiling log v0.4.27
   Compiling pkg-config v0.3.32
   Compiling regex-syntax v0.8.5
   Compiling futures-core v0.3.31
   Compiling thiserror v2.0.16
   Compiling ref-cast v1.0.24
   Compiling futures-io v0.3.31
   Compiling fs-err v3.1.1
   Compiling dyn-clone v1.0.19
   Compiling futures-sink v0.3.31
   Compiling same-file v1.0.6
   Compiling either v1.15.0
   Compiling crc32fast v1.5.0
   Compiling getrandom v0.3.3
   Compiling zstd-sys v2.0.15+zstd.1.5.7
   Compiling crossbeam-utils v0.8.21
   Compiling bzip2-sys v0.1.13+1.0.8
   Compiling lzma-sys v0.1.20
   Compiling fastrand v2.3.0
   Compiling subtle v2.6.1
   Compiling slab v0.4.10
   Compiling zstd-safe v7.2.4
   Compiling simdutf8 v0.1.5
   Compiling regex-automata v0.4.10
   Compiling futures-channel v0.3.31
   Compiling getrandom v0.2.16
   Compiling adler2 v2.0.1
   Compiling pin-utils v0.1.0
   Compiling unicode-linebreak v0.1.5
   Compiling rustc-hash v2.1.1
   Compiling smawk v0.3.2
   Compiling unicode-width v0.2.1
   Compiling synstructure v0.13.2
   Compiling serde_derive_internals v0.29.1
   Compiling futures-task v0.3.31
   Compiling zlib-rs v0.5.1
   Compiling textwrap v0.16.2
   Compiling miniz_oxide v0.8.9
   Compiling encoding_rs v0.8.35
   Compiling base64 v0.22.1
   Compiling utf8parse v0.2.2
   Compiling anstyle-parse v0.2.7
   Compiling serde_derive v1.0.219
   Compiling zerofrom-derive v0.1.6
   Compiling yoke-derive v0.8.0
   Compiling tokio-macros v2.5.0
   Compiling displaydoc v0.2.5
   Compiling zerovec-derive v0.11.1
   Compiling zerofrom v0.1.6
   Compiling tokio v1.47.1
   Compiling yoke v0.8.0
   Compiling tracing-attributes v0.1.30
   Compiling zerotrie v0.2.2
   Compiling zerovec v0.11.2
   Compiling thiserror-impl v2.0.16
   Compiling ref-cast-impl v1.0.24
   Compiling tracing v0.1.41
   Compiling schemars_derive v1.0.4
   Compiling ptr_meta_derive v0.3.0
   Compiling tinystr v0.8.1
   Compiling potential_utf v0.1.2
   Compiling icu_collections v2.0.0
   Compiling icu_locale_core v2.0.0
   Compiling ptr_meta v0.3.0
   Compiling rancor v0.1.0
   Compiling bytecheck_derive v0.8.1
   Compiling munge_macro v0.4.5
   Compiling icu_provider v2.0.0
   Compiling bytecheck v0.8.1
   Compiling futures-macro v0.3.31
   Compiling icu_normalizer v2.0.0
   Compiling icu_properties v2.0.1
   Compiling futures-util v0.3.31
   Compiling rend v0.5.2
   Compiling munge v0.4.5
   Compiling libz-rs-sys v0.5.1
   Compiling rkyv_derive v0.8.11
   Compiling idna_adapter v1.2.1
   Compiling idna v1.0.3
   Compiling indexmap v2.10.0
   Compiling url v2.5.4
   Compiling tokio-util v0.7.15
   Compiling flate2 v1.1.2
   Compiling schemars v1.0.4
   Compiling zstd v0.13.3
   Compiling xz2 v0.1.7
   Compiling bzip2 v0.5.2
   Compiling tempfile v3.20.0
   Compiling anstyle v1.0.11
   Compiling anstyle-query v1.1.3
   Compiling colorchoice v1.0.4
   Compiling typenum v1.18.0
   Compiling is_terminal_polyfill v1.70.1
   Compiling version_check v0.9.5
   Compiling fnv v1.0.7
   Compiling anstream v0.6.20
   Compiling bstr v1.12.0
   Compiling http v1.3.1
   Compiling uv-macros v0.0.1 (/data/data/com.termux/files/home/storage/github/rustc/vendor/uv/crates/uv-macros)
   Compiling generic-array v0.14.7
   Compiling ring v0.17.14
   Compiling rkyv v0.8.11
   Compiling owo-colors v4.2.2
   Compiling arcstr v1.2.0
   Compiling zeroize v1.8.1
   Compiling uv-redacted v0.0.1 (/data/data/com.termux/files/home/storage/github/rustc/vendor/uv/crates/uv-redacted)
   Compiling rustls-pki-types v1.12.0
   Compiling regex v1.11.2
   Compiling encoding_rs_io v0.1.7
   Compiling fs2 v0.4.3
   Compiling path-slash v0.2.1
   Compiling anyhow v1.0.99
   Compiling hex v0.4.3
   Compiling dunce v1.0.5
   Compiling http-body v1.0.1
   Compiling uv-fs v0.0.1 (/data/data/com.termux/files/home/storage/github/rustc/vendor/uv/crates/uv-fs)
   Compiling walkdir v2.5.0
   Compiling seahash v4.1.0
   Compiling untrusted v0.9.0
   Compiling httparse v1.10.1
   Compiling winnow v0.7.12
   Compiling uv-cache-key v0.0.1 (/data/data/com.termux/files/home/storage/github/rustc/vendor/uv/crates/uv-cache-key)
   Compiling serde_spanned v1.0.0
   Compiling toml_datetime v0.7.0
   Compiling atomic-waker v1.1.2
   Compiling toml_writer v1.0.2
   Compiling rustls v0.23.29
   Compiling tower-service v0.3.3
   Compiling try-lock v0.2.5
   Compiling h2 v0.4.12
   Compiling crypto-common v0.1.6
   Compiling want v0.3.1
   Compiling block-buffer v0.10.4
   Compiling globset v0.4.16
   Compiling version-ranges v0.1.1 (https://github.com/astral-sh/pubgrub?rev=06ec5a5f59ffaeb6cf5079c6cb184467da06c9db#06ec5a5f)
   Compiling byteorder v1.5.0
   Compiling unicase v2.8.1
   Compiling typeid v1.0.3
   Compiling digest v0.10.7
   Compiling uv-small-str v0.0.1 (/data/data/com.termux/files/home/storage/github/rustc/vendor/uv/crates/uv-small-str)
   Compiling mime_guess v2.0.5
   Compiling async-compression v0.4.19
   Compiling jiff v0.2.15
   Compiling terminal_size v0.4.2
   Compiling crossbeam-epoch v0.9.18
   Compiling sync_wrapper v1.0.2
   Compiling thiserror v1.0.69
   Compiling tower-layer v0.3.3
   Compiling toml_parser v1.0.1
   Compiling openssl-probe v0.1.6
   Compiling unscanny v0.1.0
   Compiling crc-catalog v2.4.0
   Compiling ipnet v2.11.0
   Compiling crc v3.3.0
   Compiling uv-pep440 v0.7.0 (/data/data/com.termux/files/home/storage/github/rustc/vendor/uv/crates/uv-pep440)
   Compiling rustls-native-certs v0.8.1
   Compiling tower v0.5.2
   Compiling crossbeam-deque v0.8.6
   Compiling uv-normalize v0.0.1 (/data/data/com.termux/files/home/storage/github/rustc/vendor/uv/crates/uv-normalize)
   Compiling uv-platform-tags v0.0.1 (/data/data/com.termux/files/home/storage/github/rustc/vendor/uv/crates/uv-platform-tags)
   Compiling webpki-roots v1.0.2
   Compiling uv-static v0.0.1 (/data/data/com.termux/files/home/storage/github/rustc/vendor/uv/crates/uv-static)
   Compiling futures-executor v0.3.31
   Compiling thiserror-impl v1.0.69
   Compiling hyper v1.6.0
   Compiling itertools v0.14.0
   Compiling zip v2.4.2
   Compiling simd-adler32 v0.3.7
   Compiling bumpalo v3.19.0
   Compiling home v0.5.11
   Compiling heck v0.5.0
   Compiling mime v0.3.17
   Compiling iri-string v0.7.8
   Compiling hyper-util v0.1.16
   Compiling clap_lex v0.7.5
   Compiling strsim v0.11.1
   Compiling clap_builder v4.5.44
   Compiling clap_derive v4.5.45
   Compiling zopfli v0.8.2
   Compiling futures v0.3.31
   Compiling erased-serde v0.4.6
   Compiling rustls-webpki v0.103.4
   Compiling tower-http v0.6.6
   Compiling lzma-rs v0.3.0
   Compiling uv-warnings v0.0.1 (/data/data/com.termux/files/home/storage/github/rustc/vendor/uv/crates/uv-warnings)
   Compiling http-body-util v0.1.3
   Compiling uv-git-types v0.0.1 (/data/data/com.termux/files/home/storage/github/rustc/vendor/uv/crates/uv-git-types)
   Compiling serde_urlencoded v0.7.1
   Compiling charset v0.1.5
   Compiling async-trait v0.1.89
   Compiling cpufeatures v0.2.17
   Compiling lock_api v0.4.13
   Compiling option-ext v0.2.0
   Compiling parking_lot_core v0.9.11
   Compiling cfg_aliases v0.2.1
   Compiling zerocopy v0.8.26
   Compiling fixedbitset v0.5.7
   Compiling quoted_printable v0.5.1
   Compiling boxcar v0.2.14
   Compiling data-encoding v2.9.0
   Compiling petgraph v0.8.2
   Compiling uv-pep508 v0.6.0 (/data/data/com.termux/files/home/storage/github/rustc/vendor/uv/crates/uv-pep508)
   Compiling clap v4.5.45
   Compiling nix v0.30.1
   Compiling mailparse v0.16.1
   Compiling dirs-sys v0.5.0
   Compiling sha2 v0.10.9
   Compiling serde-untagged v0.1.8
   Compiling uv-distribution-filename v0.0.1 (/data/data/com.termux/files/home/storage/github/rustc/vendor/uv/crates/uv-distribution-filename)
   Compiling toml v0.9.2
   Compiling toml_edit v0.23.2
   Compiling scopeguard v1.2.0
   Compiling dirs v6.0.0
   Compiling tokio-rustls v0.26.2
   Compiling uv-pypi-types v0.0.1 (/data/data/com.termux/files/home/storage/github/rustc/vendor/uv/crates/uv-pypi-types)
   Compiling hyper-rustls v0.27.7
   Compiling reqwest v0.12.22
   Compiling etcetera v0.10.0
   Compiling ignore v0.4.23
   Compiling os_str_bytes v6.6.1
   Compiling csv-core v0.1.12
   Compiling hashbrown v0.14.5
   Compiling csv v1.3.1
   Compiling shellexpand v3.1.1
   Compiling uv-dirs v0.0.1 (/data/data/com.termux/files/home/storage/github/rustc/vendor/uv/crates/uv-dirs)
   Compiling dashmap v6.1.0
   Compiling uv-preview v0.0.1 (/data/data/com.termux/files/home/storage/github/rustc/vendor/uv/crates/uv-preview)
   Compiling reqwest-middleware v0.4.2 (https://github.com/astral-sh/reqwest-middleware?rev=7650ed76215a962a96d94a79be71c27bffde7ab2#7650ed76)
   Compiling rand_core v0.6.4
   Compiling ppv-lite86 v0.2.21
   Compiling filetime v0.2.26
   Compiling num-traits v0.2.19
   Compiling rand_chacha v0.3.1
   Compiling uv-once-map v0.0.1 (/data/data/com.termux/files/home/storage/github/rustc/vendor/uv/crates/uv-once-map)
   Compiling uv-state v0.0.1 (/data/data/com.termux/files/home/storage/github/rustc/vendor/uv/crates/uv-state)
   Compiling rust-netrc v0.1.2
   Compiling uv-keyring v0.0.1 (/data/data/com.termux/files/home/storage/github/rustc/vendor/uv/crates/uv-keyring)
   Compiling paste v1.0.15
   Compiling pathdiff v0.2.3
   Compiling uv-auth v0.0.1 (/data/data/com.termux/files/home/storage/github/rustc/vendor/uv/crates/uv-auth)
   Compiling rand v0.8.5
   Compiling uv-shell v0.0.1 (/data/data/com.termux/files/home/storage/github/rustc/vendor/uv/crates/uv-shell)
   Compiling globwalk v0.9.1
   Compiling uv-trampoline-builder v0.0.1 (/data/data/com.termux/files/home/storage/github/rustc/vendor/uv/crates/uv-trampoline-builder)
   Compiling reflink-copy v0.1.26
   Compiling configparser v3.1.0
   Compiling parking v2.2.1
   Compiling uv-cache-info v0.0.1 (/data/data/com.termux/files/home/storage/github/rustc/vendor/uv/crates/uv-cache-info)
   Compiling uv-install-wheel v0.0.1 (/data/data/com.termux/files/home/storage/github/rustc/vendor/uv/crates/uv-install-wheel)
   Compiling rayon-core v1.12.1
   Compiling uv-version v0.8.15 (/data/data/com.termux/files/home/storage/github/rustc/vendor/uv/crates/uv-version)
   Compiling rmp v0.8.14
   Compiling env_home v0.1.0
   Compiling shell-escape v0.1.5
   Compiling which v8.0.0
   Compiling cargo-util v0.2.22
   Compiling uv-distribution-types v0.0.1 (/data/data/com.termux/files/home/storage/github/rustc/vendor/uv/crates/uv-distribution-types)
   Compiling rmp-serde v1.3.0
   Compiling nanoid v0.4.0
   Compiling pin-project-internal v1.1.10
   Compiling xattr v1.5.1
   Compiling rayon v1.10.0
   Compiling uv-git v0.0.1 (/data/data/com.termux/files/home/storage/github/rustc/vendor/uv/crates/uv-git)
   Compiling futures-lite v2.6.0
   Compiling tokio-stream v0.1.17
   Compiling pin-project v1.1.10
   Compiling itertools v0.13.0
   Compiling uv-cache v0.0.1 (/data/data/com.termux/files/home/storage/github/rustc/vendor/uv/crates/uv-cache)
   Compiling sys-info v0.9.1 (/data/data/com.termux/files/home/storage/github/rustc/vendor/sys-info-rs)
   Compiling portable-atomic v1.11.1
   Compiling async_zip v0.0.17 (https://github.com/astral-sh/rs-async-zip?rev=285e48742b74ab109887d62e1ae79e7c15fd4878#285e4874)
   Compiling tar v0.4.44
   Compiling uv-configuration v0.0.1 (/data/data/com.termux/files/home/storage/github/rustc/vendor/uv/crates/uv-configuration)
   Compiling retry-policies v0.4.0
   Compiling memmap2 v0.9.7
   Compiling utf8-width v0.1.7
   Compiling bisection v0.1.0
   Compiling http-content-range v0.2.3
   Compiling html-escape v0.2.13
   Compiling async_http_range_reader v0.9.1
   Compiling reqwest-retry v0.7.0 (https://github.com/astral-sh/reqwest-middleware?rev=7650ed76215a962a96d94a79be71c27bffde7ab2#7650ed76)
   Compiling uv-metadata v0.1.0 (/data/data/com.termux/files/home/storage/github/rustc/vendor/uv/crates/uv-metadata)
   Compiling uv-torch v0.1.0 (/data/data/com.termux/files/home/storage/github/rustc/vendor/uv/crates/uv-torch)
warning: unused imports: `c_double` and `c_int`
  --> /data/data/com.termux/files/home/storage/github/rustc/vendor/sys-info-rs/lib.rs:17:20
   |
17 | use std::os::raw::{c_int, c_double};
   |                    ^^^^^  ^^^^^^^^
   |
   = note: `#[warn(unused_imports)]` on by default

   Compiling scroll_derive v0.13.0
warning: unreachable expression
   --> /data/data/com.termux/files/home/storage/github/rustc/vendor/sys-info-rs/lib.rs:876:5
    |
832 |         return Ok(bt);
    |         ------------- any code following this expression is unreachable
...
876 |     Err(Error::UnsupportedSystem)
    |     ^^^^^^^^^^^^^^^^^^^^^^^^^^^^^ unreachable expression
    |
note: the lint level is defined here
   --> /data/data/com.termux/files/home/storage/github/rustc/vendor/sys-info-rs/lib.rs:875:12
    |
875 |     #[warn(unreachable_code)]
    |            ^^^^^^^^^^^^^^^^

   Compiling tl v0.7.8 (https://github.com/astral-sh/tl.git?rev=6e25b2ee2513d75385101a8ff9f591ef51f314ec#6e25b2ee)
   Compiling target-lexicon v0.13.2
warning: `sys-info` (lib) generated 2 warnings (run `cargo fix --lib -p sys-info` to apply 1 suggestion)
   Compiling astral-tokio-tar v0.5.3
   Compiling scroll v0.13.0
   Compiling uv-client v0.0.1 (/data/data/com.termux/files/home/storage/github/rustc/vendor/uv/crates/uv-client)
   Compiling md-5 v0.10.6
   Compiling blake2 v0.10.6
   Compiling plain v0.2.3
   Compiling goblin v0.10.1
   Compiling uv-extract v0.0.1 (/data/data/com.termux/files/home/storage/github/rustc/vendor/uv/crates/uv-extract)
   Compiling uv-globfilter v0.1.0 (/data/data/com.termux/files/home/storage/github/rustc/vendor/uv/crates/uv-globfilter)
   Compiling uv-options-metadata v0.0.1 (/data/data/com.termux/files/home/storage/github/rustc/vendor/uv/crates/uv-options-metadata)
   Compiling spdx v0.10.9
   Compiling uv-build-backend v0.1.0 (/data/data/com.termux/files/home/storage/github/rustc/vendor/uv/crates/uv-build-backend)
   Compiling glob v0.3.3
   Compiling uv-platform v0.0.1 (/data/data/com.termux/files/home/storage/github/rustc/vendor/uv/crates/uv-platform)
   Compiling console v0.16.0
   Compiling uv-console v0.0.1 (/data/data/com.termux/files/home/storage/github/rustc/vendor/uv/crates/uv-console)
   Compiling priority-queue v2.5.0
   Compiling concurrent-queue v2.5.0
   Compiling uv-requirements-txt v0.0.1 (/data/data/com.termux/files/home/storage/github/rustc/vendor/uv/crates/uv-requirements-txt)
   Compiling event-listener v5.4.0
   Compiling lazy_static v1.5.0
   Compiling sharded-slab v0.1.7
   Compiling uv-workspace v0.0.1 (/data/data/com.termux/files/home/storage/github/rustc/vendor/uv/crates/uv-workspace)
   Compiling pubgrub v0.3.0 (https://github.com/astral-sh/pubgrub?rev=06ec5a5f59ffaeb6cf5079c6cb184467da06c9db#06ec5a5f)
   Compiling uv-python v0.0.1 (/data/data/com.termux/files/home/storage/github/rustc/vendor/uv/crates/uv-python)
   Compiling event-listener-strategy v0.5.4
   Compiling tracing-serde v0.2.0
   Compiling matchers v0.2.0
   Compiling tracing-log v0.2.0
   Compiling thread_local v1.1.9
   Compiling nu-ansi-term v0.50.1
   Compiling async-channel v2.5.0
   Compiling tracing-subscriber v0.3.20
   Compiling tikv-jemalloc-sys v0.6.0+5.3.0-1-ge13ca993e8ccb9ba9847cc330696e02839f328f7
   Compiling clap_complete v4.5.55
   Compiling indoc v2.0.6
   Compiling uv-cli v0.0.1 (/data/data/com.termux/files/home/storage/github/rustc/vendor/uv/crates/uv-cli)
   Compiling clap_complete_nushell v4.5.8
   Compiling clap_complete_command v0.6.1
   Compiling is-docker v0.2.0
   Compiling is_ci v1.2.0
   Compiling is-wsl v0.4.0
   Compiling supports-color v3.0.2
   Compiling uv-logging v0.0.1 (/data/data/com.termux/files/home/storage/github/rustc/vendor/uv/crates/uv-logging)
   Compiling uv-types v0.0.1 (/data/data/com.termux/files/home/storage/github/rustc/vendor/uv/crates/uv-types)
   Compiling uv-virtualenv v0.0.4 (/data/data/com.termux/files/home/storage/github/rustc/vendor/uv/crates/uv-virtualenv)
   Compiling miette-derive v7.6.0
   Compiling uv-distribution v0.0.1 (/data/data/com.termux/files/home/storage/github/rustc/vendor/uv/crates/uv-distribution)
   Compiling half v2.6.0
   Compiling unicode-width v0.1.14
   Compiling supports-hyperlinks v3.1.0
   Compiling supports-unicode v3.0.0
   Compiling ciborium-io v0.2.2
   Compiling unit-prefix v0.5.1
   Compiling miette v7.6.0
   Compiling ciborium-ll v0.2.2
   Compiling indicatif v0.18.0
   Compiling open v5.3.2
   Compiling tracing-tree v0.4.0
   Compiling uv-publish v0.1.0 (/data/data/com.termux/files/home/storage/github/rustc/vendor/uv/crates/uv-publish)
   Compiling uv-bin-install v0.0.1 (/data/data/com.termux/files/home/storage/github/rustc/vendor/uv/crates/uv-bin-install)
   Compiling ctrlc v3.4.7
   Compiling uv-resolver v0.0.1 (/data/data/com.termux/files/home/storage/github/rustc/vendor/uv/crates/uv-resolver)
   Compiling uv-installer v0.0.1 (/data/data/com.termux/files/home/storage/github/rustc/vendor/uv/crates/uv-installer)
   Compiling uv-build-frontend v0.0.1 (/data/data/com.termux/files/home/storage/github/rustc/vendor/uv/crates/uv-build-frontend)
   Compiling uuid v1.17.0
   Compiling cast v0.3.0
   Compiling dotenvy v0.15.7
   Compiling criterion-plot v0.6.0
   Compiling ciborium v0.2.2
   Compiling tinytemplate v1.2.1
   Compiling oorandom v11.1.5
   Compiling unsafe-libyaml v0.2.11
   Compiling anes v0.1.6
   Compiling diff v0.1.13
   Compiling unicode-id v0.3.5
   Compiling svg v0.18.0
   Compiling yansi v1.0.1
   Compiling pretty_assertions v1.4.1
   Compiling serde_yaml v0.9.34+deprecated
   Compiling markdown v1.0.0
   Compiling tracing-durations-export v0.3.1
   Compiling criterion v0.7.0
   Compiling uv-build v0.8.15 (/data/data/com.termux/files/home/storage/github/rustc/vendor/uv/crates/uv-build)
   Compiling uv-settings v0.0.1 (/data/data/com.termux/files/home/storage/github/rustc/vendor/uv/crates/uv-settings)
   Compiling uv-dispatch v0.0.1 (/data/data/com.termux/files/home/storage/github/rustc/vendor/uv/crates/uv-dispatch)
   Compiling uv-requirements v0.1.0 (/data/data/com.termux/files/home/storage/github/rustc/vendor/uv/crates/uv-requirements)
   Compiling uv-tool v0.0.1 (/data/data/com.termux/files/home/storage/github/rustc/vendor/uv/crates/uv-tool)
   Compiling uv-scripts v0.0.1 (/data/data/com.termux/files/home/storage/github/rustc/vendor/uv/crates/uv-scripts)
   Compiling uv-bench v0.0.0 (/data/data/com.termux/files/home/storage/github/rustc/vendor/uv/crates/uv-bench)
   Compiling tikv-jemallocator v0.6.0
   Compiling uv-performance-memory-allocator v0.1.0 (/data/data/com.termux/files/home/storage/github/rustc/vendor/uv/crates/uv-performance-memory-allocator)
   Compiling uv v0.8.15 (/data/data/com.termux/files/home/storage/github/rustc/vendor/uv/crates/uv)
   Compiling uv-dev v0.0.1 (/data/data/com.termux/files/home/storage/github/rustc/vendor/uv/crates/uv-dev)
