Cleaning completed
make[1]: Entering directory '/data/data/com.termux/files/home/storage/github/rustc/vendor/zstd/lib'
CC obj/conf_36026d725d375ec97230e9a8944300f3/static/debug.o
CC obj/conf_36026d725d375ec97230e9a8944300f3/static/entropy_common.o
CC obj/conf_36026d725d375ec97230e9a8944300f3/static/error_private.o
CC obj/conf_36026d725d375ec97230e9a8944300f3/static/fse_decompress.o
CC obj/conf_36026d725d375ec97230e9a8944300f3/static/pool.o
CC obj/conf_36026d725d375ec97230e9a8944300f3/static/threading.o
CC obj/conf_36026d725d375ec97230e9a8944300f3/static/xxhash.o
CC obj/conf_36026d725d375ec97230e9a8944300f3/static/zstd_common.o
CC obj/conf_36026d725d375ec97230e9a8944300f3/static/zstd_v05.o
CC obj/conf_36026d725d375ec97230e9a8944300f3/static/zstd_v06.o
CC obj/conf_36026d725d375ec97230e9a8944300f3/static/zstd_v07.o
CC obj/conf_36026d725d375ec97230e9a8944300f3/static/fse_compress.o
CC obj/conf_36026d725d375ec97230e9a8944300f3/static/hist.o
CC obj/conf_36026d725d375ec97230e9a8944300f3/static/huf_compress.o
CC obj/conf_36026d725d375ec97230e9a8944300f3/static/zstd_compress.o
CC obj/conf_36026d725d375ec97230e9a8944300f3/static/zstd_compress_literals.o
CC obj/conf_36026d725d375ec97230e9a8944300f3/static/zstd_compress_sequences.o
CC obj/conf_36026d725d375ec97230e9a8944300f3/static/zstd_compress_superblock.o
CC obj/conf_36026d725d375ec97230e9a8944300f3/static/zstd_double_fast.o
CC obj/conf_36026d725d375ec97230e9a8944300f3/static/zstd_fast.o
CC obj/conf_36026d725d375ec97230e9a8944300f3/static/zstd_lazy.o
CC obj/conf_36026d725d375ec97230e9a8944300f3/static/zstd_ldm.o
CC obj/conf_36026d725d375ec97230e9a8944300f3/static/zstd_opt.o
CC obj/conf_36026d725d375ec97230e9a8944300f3/static/zstd_preSplit.o
CC obj/conf_36026d725d375ec97230e9a8944300f3/static/zstdmt_compress.o
CC obj/conf_36026d725d375ec97230e9a8944300f3/static/huf_decompress.o
CC obj/conf_36026d725d375ec97230e9a8944300f3/static/zstd_ddict.o
CC obj/conf_36026d725d375ec97230e9a8944300f3/static/zstd_decompress.o
CC obj/conf_36026d725d375ec97230e9a8944300f3/static/zstd_decompress_block.o
AS obj/conf_36026d725d375ec97230e9a8944300f3/static/huf_decompress_amd64.o
CC obj/conf_36026d725d375ec97230e9a8944300f3/static/cover.o
CC obj/conf_36026d725d375ec97230e9a8944300f3/static/divsufsort.o
CC obj/conf_36026d725d375ec97230e9a8944300f3/static/fastcover.o
CC obj/conf_36026d725d375ec97230e9a8944300f3/static/zdict.o
compiling single-threaded static library 1.5.8
CC obj/conf_6e6a2744f01978ad2cbd3a85eb787367/dynamic/debug.o
CC obj/conf_6e6a2744f01978ad2cbd3a85eb787367/dynamic/entropy_common.o
CC obj/conf_6e6a2744f01978ad2cbd3a85eb787367/dynamic/error_private.o
CC obj/conf_6e6a2744f01978ad2cbd3a85eb787367/dynamic/fse_decompress.o
CC obj/conf_6e6a2744f01978ad2cbd3a85eb787367/dynamic/pool.o
CC obj/conf_6e6a2744f01978ad2cbd3a85eb787367/dynamic/threading.o
CC obj/conf_6e6a2744f01978ad2cbd3a85eb787367/dynamic/xxhash.o
CC obj/conf_6e6a2744f01978ad2cbd3a85eb787367/dynamic/zstd_common.o
CC obj/conf_6e6a2744f01978ad2cbd3a85eb787367/dynamic/zstd_v05.o
CC obj/conf_6e6a2744f01978ad2cbd3a85eb787367/dynamic/zstd_v06.o
CC obj/conf_6e6a2744f01978ad2cbd3a85eb787367/dynamic/zstd_v07.o
CC obj/conf_6e6a2744f01978ad2cbd3a85eb787367/dynamic/fse_compress.o
CC obj/conf_6e6a2744f01978ad2cbd3a85eb787367/dynamic/hist.o
CC obj/conf_6e6a2744f01978ad2cbd3a85eb787367/dynamic/huf_compress.o
CC obj/conf_6e6a2744f01978ad2cbd3a85eb787367/dynamic/zstd_compress.o
CC obj/conf_6e6a2744f01978ad2cbd3a85eb787367/dynamic/zstd_compress_literals.o
CC obj/conf_6e6a2744f01978ad2cbd3a85eb787367/dynamic/zstd_compress_sequences.o
CC obj/conf_6e6a2744f01978ad2cbd3a85eb787367/dynamic/zstd_compress_superblock.o
CC obj/conf_6e6a2744f01978ad2cbd3a85eb787367/dynamic/zstd_double_fast.o
CC obj/conf_6e6a2744f01978ad2cbd3a85eb787367/dynamic/zstd_fast.o
CC obj/conf_6e6a2744f01978ad2cbd3a85eb787367/dynamic/zstd_lazy.o
CC obj/conf_6e6a2744f01978ad2cbd3a85eb787367/dynamic/zstd_ldm.o
CC obj/conf_6e6a2744f01978ad2cbd3a85eb787367/dynamic/zstd_opt.o
CC obj/conf_6e6a2744f01978ad2cbd3a85eb787367/dynamic/zstd_preSplit.o
CC obj/conf_6e6a2744f01978ad2cbd3a85eb787367/dynamic/zstdmt_compress.o
CC obj/conf_6e6a2744f01978ad2cbd3a85eb787367/dynamic/huf_decompress.o
CC obj/conf_6e6a2744f01978ad2cbd3a85eb787367/dynamic/zstd_ddict.o
CC obj/conf_6e6a2744f01978ad2cbd3a85eb787367/dynamic/zstd_decompress.o
CC obj/conf_6e6a2744f01978ad2cbd3a85eb787367/dynamic/zstd_decompress_block.o
AS obj/conf_6e6a2744f01978ad2cbd3a85eb787367/dynamic/huf_decompress_amd64.o
CC obj/conf_6e6a2744f01978ad2cbd3a85eb787367/dynamic/cover.o
CC obj/conf_6e6a2744f01978ad2cbd3a85eb787367/dynamic/divsufsort.o
CC obj/conf_6e6a2744f01978ad2cbd3a85eb787367/dynamic/fastcover.o
CC obj/conf_6e6a2744f01978ad2cbd3a85eb787367/dynamic/zdict.o
compiling multi-threaded dynamic library 1.5.8
creating versioned links
creating pkgconfig
make[1]: Leaving directory '/data/data/com.termux/files/home/storage/github/rustc/vendor/zstd/lib'
make[1]: Entering directory '/data/data/com.termux/files/home/storage/github/rustc/vendor/zstd/programs'
CC obj/conf_6cc0d15c08bf44f2d3db3b176a103000/debug.o
CC obj/conf_6cc0d15c08bf44f2d3db3b176a103000/entropy_common.o
CC obj/conf_6cc0d15c08bf44f2d3db3b176a103000/error_private.o
CC obj/conf_6cc0d15c08bf44f2d3db3b176a103000/fse_decompress.o
CC obj/conf_6cc0d15c08bf44f2d3db3b176a103000/pool.o
CC obj/conf_6cc0d15c08bf44f2d3db3b176a103000/threading.o
CC obj/conf_6cc0d15c08bf44f2d3db3b176a103000/xxhash.o
CC obj/conf_6cc0d15c08bf44f2d3db3b176a103000/zstd_common.o
CC obj/conf_6cc0d15c08bf44f2d3db3b176a103000/fse_compress.o
CC obj/conf_6cc0d15c08bf44f2d3db3b176a103000/hist.o
CC obj/conf_6cc0d15c08bf44f2d3db3b176a103000/huf_compress.o
CC obj/conf_6cc0d15c08bf44f2d3db3b176a103000/zstd_compress.o
CC obj/conf_6cc0d15c08bf44f2d3db3b176a103000/zstd_compress_literals.o
CC obj/conf_6cc0d15c08bf44f2d3db3b176a103000/zstd_compress_sequences.o
CC obj/conf_6cc0d15c08bf44f2d3db3b176a103000/zstd_compress_superblock.o
CC obj/conf_6cc0d15c08bf44f2d3db3b176a103000/zstd_double_fast.o
CC obj/conf_6cc0d15c08bf44f2d3db3b176a103000/zstd_fast.o
CC obj/conf_6cc0d15c08bf44f2d3db3b176a103000/zstd_lazy.o
CC obj/conf_6cc0d15c08bf44f2d3db3b176a103000/zstd_ldm.o
CC obj/conf_6cc0d15c08bf44f2d3db3b176a103000/zstd_opt.o
CC obj/conf_6cc0d15c08bf44f2d3db3b176a103000/zstd_preSplit.o
CC obj/conf_6cc0d15c08bf44f2d3db3b176a103000/zstdmt_compress.o
CC obj/conf_6cc0d15c08bf44f2d3db3b176a103000/huf_decompress.o
AS obj/conf_6cc0d15c08bf44f2d3db3b176a103000/huf_decompress_amd64.o
CC obj/conf_6cc0d15c08bf44f2d3db3b176a103000/zstd_ddict.o
CC obj/conf_6cc0d15c08bf44f2d3db3b176a103000/zstd_decompress.o
CC obj/conf_6cc0d15c08bf44f2d3db3b176a103000/zstd_decompress_block.o
CC obj/conf_6cc0d15c08bf44f2d3db3b176a103000/cover.o
CC obj/conf_6cc0d15c08bf44f2d3db3b176a103000/divsufsort.o
CC obj/conf_6cc0d15c08bf44f2d3db3b176a103000/fastcover.o
CC obj/conf_6cc0d15c08bf44f2d3db3b176a103000/zdict.o
CC obj/conf_6cc0d15c08bf44f2d3db3b176a103000/zstd_v05.o
CC obj/conf_6cc0d15c08bf44f2d3db3b176a103000/zstd_v06.o
CC obj/conf_6cc0d15c08bf44f2d3db3b176a103000/zstd_v07.o
CC obj/conf_6cc0d15c08bf44f2d3db3b176a103000/benchfn.o
CC obj/conf_6cc0d15c08bf44f2d3db3b176a103000/benchzstd.o
CC obj/conf_6cc0d15c08bf44f2d3db3b176a103000/datagen.o
CC obj/conf_6cc0d15c08bf44f2d3db3b176a103000/dibio.o
CC obj/conf_6cc0d15c08bf44f2d3db3b176a103000/fileio.o
CC obj/conf_6cc0d15c08bf44f2d3db3b176a103000/fileio_asyncio.o
CC obj/conf_6cc0d15c08bf44f2d3db3b176a103000/lorem.o
CC obj/conf_6cc0d15c08bf44f2d3db3b176a103000/timefn.o
CC obj/conf_6cc0d15c08bf44f2d3db3b176a103000/util.o
CC obj/conf_6cc0d15c08bf44f2d3db3b176a103000/zstdcli.o
CC obj/conf_6cc0d15c08bf44f2d3db3b176a103000/zstdcli_trace.o
==> building with threading support
==> building zstd with .gz compression support
==> building zstd with .xz/.lzma compression support
==> no liblz4, building zstd without .lz4 support
LINK obj/conf_6cc0d15c08bf44f2d3db3b176a103000/zstd
zstd build completed
make[1]: Leaving directory '/data/data/com.termux/files/home/storage/github/rustc/vendor/zstd/programs'
make[1]: Entering directory '/data/data/com.termux/files/home/storage/github/rustc/vendor/zstd/tests'
make[1]: Leaving directory '/data/data/com.termux/files/home/storage/github/rustc/vendor/zstd/tests'
make[1]: Entering directory '/data/data/com.termux/files/home/storage/github/rustc/vendor/zstd/lib'
creating pkgconfig
Installing static library
Installing shared library
Installing includes
zstd static and shared library installed
make[1]: Leaving directory '/data/data/com.termux/files/home/storage/github/rustc/vendor/zstd/lib'
make[1]: Entering directory '/data/data/com.termux/files/home/storage/github/rustc/vendor/zstd/programs'
Installing binaries
Installing man pages
zstd installation completed
make[1]: Leaving directory '/data/data/com.termux/files/home/storage/github/rustc/vendor/zstd/programs'
